4 6
1 2 3 6 7 8 
4 4
1 3 5 6 
3 5
1 2 3 5 6 
5 5
1 4 6 7 10 
6 9
2 3 4 5 6 7 8 9 10 
5 7
1 2 3 5 6 7 8 
6 9
1 2 3 4 5 6 7 8 9 
4 5
2 4 5 7 8 
4 4
1 2 4 5 
4 6
1 2 3 4 5 6 
3 3
1 2 8 
3 3
1 4 6 
5 7
1 2 3 4 5 6 7 
4 5
1 3 4 6 7 
5 7
1 2 3 4 5 7 8 
4 4
1 5 7 8 
4 6
2 3 4 5 6 7 
5 7
3 4 5 6 7 8 9 
5 6
1 2 4 5 7 8 
4 6
1 2 3 4 5 6 
3 4
1 2 3 4 
3 3
3 4 5 
3 4
1 4 5 7 
4 6
1 2 3 4 5 6 
5 5
1 2 5 6 7 
4 5
1 2 3 4 5 
6 9
1 2 3 4 5 6 8 9 10 
4 4
2 4 5 7 
4 5
1 2 4 5 6 
4 4
2 4 6 7 
4 6
1 2 3 4 5 6 
5 7
2 3 5 7 8 9 10 
5 5
1 5 6 8 10 
4 6
1 2 3 4 5 7 
3 3
1 4 7 
4 4
1 4 8 9 
4 6
1 2 3 4 5 6 
4 6
1 2 3 5 6 7 
4 6
1 2 3 4 5 6 
4 5
1 3 4 5 6 
4 4
1 6 7 8 
4 4
1 2 4 5 
4 4
1 3 5 10 
4 4
2 4 5 6 
4 4
1 4 6 7 
4 6
1 2 3 4 6 7 
3 4
1 2 5 6 
5 8
1 2 3 4 5 6 8 9 
4 5
1 2 4 5 6 
5 8
1 2 3 4 5 6 7 8 
4 5
1 2 3 4 6 
4 6
1 2 3 4 5 6 
3 3
3 4 5 
3 4
1 2 3 7 
4 5
1 3 4 5 7 
6 6
2 5 6 7 8 10 
3 5
2 3 4 5 6 
3 5
1 2 4 5 6 
5 8
2 3 4 5 6 7 8 9 
4 5
1 2 3 4 5 
5 5
1 3 4 5 7 
4 6
1 2 3 4 5 9 
4 6
2 3 4 5 6 7 
4 6
1 2 3 4 5 6 
5 7
1 2 3 4 5 6 7 
5 7
1 2 4 5 7 8 9 
5 7
1 2 3 5 6 7 8 
4 4
3 5 6 8 
5 5
1 2 4 8 9 
5 7
1 2 3 4 5 6 8 
6 9
1 2 3 4 5 6 7 8 9 
4 4
2 4 6 8 
4 6
2 3 4 5 6 7 
3 4
2 3 4 5 
6 9
1 2 3 4 5 6 8 9 10 
5 7
1 2 3 4 5 6 7 
4 7
1 2 3 4 5 6 7 
4 4
1 2 5 7 
4 6
1 3 4 5 6 9 
4 5
1 2 5 6 7 
4 4
1 6 7 9 
4 7
1 2 3 4 5 6 8 
4 5
1 2 4 5 6 
4 7
1 2 3 4 5 6 7 
2 3
2 5 6 
4 6
1 2 3 4 5 6 
4 5
3 4 7 8 9 
6 9
1 2 3 4 5 6 7 8 9 
3 4
2 3 4 5 
3 3
1 4 6 
6 8
2 3 4 5 6 8 9 10 
5 8
1 2 3 4 5 6 7 8 
5 5
1 2 3 6 7 
4 4
3 4 5 6 
4 6
1 4 5 6 9 10 
5 7
1 3 5 6 7 8 9 
4 4
1 2 4 6 
5 8
1 2 3 4 7 8 9 10 
5 8
1 2 4 5 6 7 8 9 
5 8
1 2 3 4 5 6 7 8 
