2
2
65
120
1
2
3
3
2
2
2
2
2
65
127
97
104
87
116
2
2
1
10
1
2
2
1
2
2
75
1
1
1
23
2
2
93
1
83
2
2
1
1
83
107
1
2
2
2
1
2
116
1
1
2
2
2
2
2
2
43
2
2
118
1
1
3
1
2
112
2
111
2
2
1
2
70
1
2
132
3
2
2
80
2
2
2
2
2
4
2
3
76
7
1
1
1
23
57
62
2
1
53
2
135
68
1
68
1
2
1
43
113
147
2
78
2
1
142
29
2
2
116
4
1
2
2
1
5
1
1
97
2
2
3
2
1
134
2
2
2
134
1
34
44
112
57
3
2
1
2
1
51
2
2
102
2
134
137
1
32
1
2
3
3
1
1
1
83
139
3
2
2
2
37
2
75
4
88
126
2
2
43
146
1
105
2
18
2
3
1
122
1
2
62
110
18
2
100
2
51
2
1
1
3
94
1
25
115
2
1
15
3
2
128
28
2
80
2
1
2
2
16
3
138
1
2
30
1
78
2
69
2
2
2
72
1
2
1
2
2
1
102
67
2
2
2
2
133
2
2
59
107
4
68
2
3
36
102
3
2
2
73
139
2
1
2
1
1
1
1
19
4
69
2
118
2
1
27
61
2
3
3
1
1
2
1
125
2
1
38
109
2
1
4
65
2
1
3
1
2
48
2
1
132
2
2
53
2
1
1
1
17
2
4
2
79
1
22
3
131
47
1
4
3
2
100
71
50
2
123
102
2
20
1
2
2
29
2
124
99
97
2
3
72
1
2
50
2
1
1
62
22
1
2
1
1
29
6
2
2
65
1
2
66
110
2
2
2
95
2
91
2
2
2
2
3
50
2
91
28
87
74
2
2
119
3
132
3
2
131
2
2
2
28
1
15
1
2
148
113
22
1
2
2
2
86
1
1
6
3
2
1
2
2
124
9
80
2
2
1
2
2
16
8
2
2
2
92
87
46
107
54
36
42
146
42
1
2
83
1
1
3
1
2
92
110
2
81
2
3
2
2
39
2
97
150
95
97
80
17
20
49
1
100
77
92
2
49
34
1
149
3
117
3
2
2
73
2
52
141
2
3
1
1
2
133
149
1
1
1
1
2
1
121
3
2
2
3
23
60
2
2
1
3
67
2
2
4
1
2
3
1
2
2
1
2
2
1
121
4
1
2
127
132
29
106
2
117
2
1
2
2
4
101
2
4
50
129
2
3
1
135
1
2
99
2
131
1
81
2
135
93
36
24
2
87
2
1
1
118
47
2
6
1
1
145
32
3
38
2
2
1
1
128
40
54
1
105
99
4
2
95
130
2
24
1
2
89
1
1
117
2
77
2
7
2
2
2
3
2
45
2
135
1
44
30
147
78
128
3
4
2
2
2
2
1
1
1
153
128
2
1
96
2
79
129
2
1
140
39
1
2
4
1
33
2
2
2
115
48
1
20
2
2
120
26
2
20
122
43
2
2
114
2
1
2
2
12
64
78
1
16
2
1
3
1
2
3
3
3
1
104
2
54
2
136
109
1
2
2
2
4
2
93
25
2
2
1
2
1
3
3
4
2
135
112
29
121
127
59
2
2
3
2
2
1
1
1
13
59
38
2
2
76
141
1
3
3
1
2
2
2
1
36
1
2
1
1
92
141
3
2
69
3
3
3
2
31
74
2
2
2
1
109
2
121
120
143
1
2
2
2
1
1
23
1
3
104
2
3
2
2
2
119
38
1
1
2
136
71
2
2
126
8
1
6
2
2
1
42
2
57
84
1
2
97
2
2
147
3
1
3
9
1
47
41
1
1
2
2
147
113
1
3
140
1
56
2
117
2
2
1
2
1
2
143
2
1
2
2
1
2
16
2
97
2
147
1
91
3
100
52
2
54
2
2
1
152
2
2
1
84
100
4
1
1
1
1
2
2
2
18
1
2
68
1
1
2
35
133
2
106
102
2
99
125
2
90
3
47
3
2
3
2
2
1
3
1
2
2
2
132
75
3
2
1
1
3
1
1
1
73
13
1
2
81
2
111
1
23
104
2
2
2
2
46
2
144
144
2
2
1
16
2
2
2
2
14
142
34
46
2
133
2
2
2
112
2
115
2
1
1
2
1
20
1
4
136
2
3
4
1
138
73
1
10
2
83
2
1
28
135
2
1
140
1
2
1
3
121
3
3
2
1
2
1
3
1
67
1
2
1
2
1
77
2
1
141
49
111
2
1
2
115
1
67
1
2
2
126
51
1
1
4
2
1
23
83
4
4
2
2
109
4
106
72
1
1
35
35
8
1
2
1
29
71
1
2
59
2
2
2
15
115
127
2
2
2
1
1
4
1
142
77
3
43
143
2
2
1
1
2
56
2
2
59
2
1
2
2
36
38
25
1
2
90
56
69
54
2
3
1
1
1
1
2
60
1
2
151
4
87
2
2
113
2
1
1
1
1
12
7
2
1
2
1
117
1
1
1
2
126
65
72
2
1
2
2
1
31
136
2
76
3
81
106
49
1
30
1
2
81
2
2
1
2
2
69
2
38
1
3
71
1
3
1
1
21
19
1
1
3
2
1
1
20
35
3
2
75
2
2
2
2
2
2
2
38
86
3
2
2
1
2
4
2
3
2
108
2
2
6
37
1
2
1
92
1
147
2
33
122
80
43
97
2
2
1
95
46
2
1
30
1
2
2
3
86
2
151
2
1
1
2
1
3
2
2
123
2
78
10
2
2
2
3
1
151
1
1
94
2
2
104
120
2
55
26
4
91
2
1
11
3
1
4
1
2
1
121
2
2
2
1
2
3
111
1
1
2
63
89
110
23
2
79
112
33
136
2
24
1
1
3
110
144
2
2
1
1
2
2
1
106
2
2
29
1
96
2
1
1
3
96
3
7
2
2
2
67
2
16
1
106
2
5
18
3
124
1
91
2
1
1
62
2
2
2
96
62
2
137
23
2
1
2
1
2
4
1
79
96
32
2
86
1
2
59
2
1
47
59
2
2
1
2
3
21
1
121
14
1
1
16
2
2
75
1
130
1
3
2
63
120
1
29
101
2
111
2
4
1
108
120
1
1
63
1
3
2
106
2
83
86
2
1
109
2
51
2
2
64
1
5
1
7
2
2
2
1
138
99
73
1
2
2
100
2
59
2
2
2
16
67
1
2
2
2
25
2
3
3
2
56
68
3
2
1
1
2
2
98
142
1
2
20
3
2
84
1
121
2
1
2
110
2
109
1
4
2
75
2
3
2
138
2
2
59
1
4
1
139
122
2
4
2
3
3
4
139
1
132
1
17
3
2
3
2
2
2
4
2
2
1
1
1
2
124
65
135
112
2
23
2
1
87
136
1
2
17
1
95
1
1
125
90
2
1
34
2
1
1
151
151
145
17
1
89
1
1
1
1
2
1
21
1
1
95
92
2
1
2
2
1
90
1
1
65
1
2
2
1
2
54
2
70
1
54
2
1
2
83
1
66
76
1
1
9
122
106
3
2
1
2
2
86
2
2
126
46
1
1
34
1
1
2
3
2
38
1
4
1
2
2
2
8
2
3
54
2
3
29
1
2
82
41
98
2
2
1
2
2
3
3
121
2
1
27
1
2
2
74
61
1
129
2
86
2
3
4
2
138
2
4
53
121
2
1
4
2
2
73
2
2
4
3
2
1
2
3
25
86
2
102
2
8
56
95
101
47
115
1
131
1
2
1
1
1
2
151
2
65
70
91
60
2
3
122
55
1
3
3
16
1
26
2
3
57
48
2
1
2
141
2
2
117
148
1
3
78
2
123
1
1
2
1
3
3
3
2
2
2
2
1
2
3
138
1
130
36
2
3
2
152
7
2
1
1
2
13
47
82
2
17
3
2
2
2
2
3
2
73
2
2
10
2
2
2
3
2
2
2
31
2
2
1
111
1
133
3
24
3
2
82
2
2
128
127
2
91
2
2
14
1
3
2
1
2
1
2
85
87
2
3
72
2
2
2
1
2
102
1
2
1
120
115
2
1
2
2
2
2
69
9
3
10
87
1
2
84
2
10
136
96
4
73
96
57
2
1
119
90
1
22
2
1
56
81
64
44
2
1
2
60
4
1
2
98
2
2
3
110
3
130
3
1
120
78
2
2
2
3
2
3
2
2
11
2
3
77
4
51
2
100
1
151
2
3
66
82
1
1
110
50
3
2
138
1
22
31
138
58
1
1
114
115
2
3
149
2
64
2
1
2
136
1
2
2
2
3
30
3
2
1
22
16
1
119
1
3
2
146
2
3
91
2
2
1
1
99
34
2
1
1
1
3
2
1
1
66
34
2
2
1
2
12
3
4
8
2
130
3
134
1
62
1
2
86
2
1
120
2
2
1
2
2
2
2
1
33
2
2
90
2
15
2
1
134
27
33
123
2
3
22
121
3
3
83
1
84
2
2
3
19
2
1
124
2
2
2
55
2
1
1
13
1
1
2
2
2
2
22
2
15
1
2
3
144
116
2
2
2
92
138
1
3
3
135
2
117
2
1
3
2
2
1
1
3
1
1
1
147
4
82
1
61
126
1
2
98
73
149
58
2
2
1
2
3
1
2
1
1
133
123
2
112
1
1
3
149
102
125
151
85
2
122
129
1
3
2
4
57
2
2
2
3
10
36
134
16
18
1
2
99
2
3
2
4
85
2
11
1
108
2
40
1
2
1
2
125
1
2
1
1
3
25
2
147
117
18
1
151
84
27
101
1
1
2
17
147
4
2
1
108
2
100
118
139
2
2
2
2
20
86
1
2
121
27
21
2
2
79
27
50
2
2
1
4
109
1
3
2
2
1
49
3
128
2
146
39
1
98
32
2
2
119
1
143
20
33
81
1
1
68
48
26
1
2
2
2
1
96
104
1
40
2
67
1
104
94
103
1
33
139
3
128
55
2
19
30
64
1
2
2
4
142
4
2
2
1
1
119
119
2
2
78
1
83
15
90
2
2
3
1
2
146
2
107
124
41
1
141
3
103
107
2
2
3
2
2
113
4
1
1
43
1
3
1
2
2
108
1
3
108
1
2
1
1
122
22
1
143
81
2
1
39
1
2
2
83
1
2
1
1
6
1
101
2
2
2
88
2
1
105
3
1
136
3
15
2
2
16
1
2
2
123
105
123
2
1
2
2
46
3
36
2
51
2
1
2
2
3
3
2
1
2
1
92
2
2
2
72
3
28
1
2
2
2
2
117
2
2
4
2
2
2
2
3
6
91
3
3
136
2
1
2
101
3
1
110
44
3
1
2
106
2
1
1
2
2
79
2
74
2
106
22
35
66
1
2
99
1
29
1
123
123
2
65
1
3
3
2
1
1
3
80
52
148
20
132
1
3
34
131
1
3
2
2
2
145
2
113
1
45
3
2
1
1
92
3
1
2
49
125
11
2
135
109
2
3
120
1
20
2
126
2
3
1
30
78
1
1
4
46
86
2
74
2
49
1
1
1
2
1
3
1
2
2
2
1
1
2
2
96
1
1
1
139
2
1
1
2
3
2
103
38
122
1
3
1
1
21
101
2
17
1
2
1
56
2
112
55
1
1
2
32
2
1
2
1
1
122
1
13
143
25
85
1
32
127
3
1
3
4
3
63
34
2
2
4
149
2
59
5
1
4
2
7
80
3
2
2
29
26
1
3
2
92
2
15
99
129
102
2
65
2
3
81
2
2
1
1
2
68
3
2
3
2
41
2
1
1
24
113
142
127
58
1
3
8
146
1
2
84
1
87
1
2
2
1
1
1
2
2
2
91
1
103
2
113
3
42
1
1
1
63
27
1
143
3
1
1
2
2
37
99
1
1
2
130
1
1
2
2
2
72
22
3
2
3
84
2
80
140
2
110
123
40
1
3
2
1
2
2
116
59
1
1
2
1
151
1
13
2
1
90
2
144
1
113
49
7
65
1
146
1
1
131
28
2
3
79
1
1
74
63
4
2
1
96
2
1
1
100
3
123
2
1
102
1
2
3
59
1
103
4
1
3
23
2
3
20
115
1
59
2
2
2
83
1
84
1
11
2
6
2
102
90
4
2
142
1
2
2
7
104
1
88
1
1
84
2
2
2
1
2
2
36
23
119
43
3
1
45
1
2
147
51
3
1
91
3
102
76
3
1
32
1
63
1
85
20
3
3
2
77
1
124
1
120
2
2
1
1
58
3
3
1
2
4
102
3
1
1
82
2
116
2
1
1
1
1
2
47
2
2
2
2
82
2
65
7
118
2
2
2
2
2
1
85
2
1
2
2
114
27
17
1
109
1
52
2
2
2
116
60
138
143
151
19
2
1
1
2
2
2
138
18
2
2
1
1
149
2
1
123
61
4
2
59
142
33
116
2
1
2
2
2
88
151
1
2
2
152
22
89
2
85
2
1
3
2
142
2
4
2
3
58
2
2
88
2
54
2
2
25
2
115
25
1
4
2
11
12
3
42
1
105
109
92
69
1
49
1
1
2
1
1
2
1
1
2
40
72
2
106
2
105
1
125
1
2
4
56
2
67
68
23
2
2
1
2
2
1
126
35
27
141
2
2
135
2
84
1
93
2
43
109
1
99
2
2
13
2
110
2
1
2
3
2
1
2
97
1
2
57
2
1
1
2
1
106
139
67
14
1
23
110
7
2
2
3
3
1
2
4
107
1
67
81
1
29
3
1
116
127
66
1
1
1
1
2
2
80
22
2
99
82
2
145
92
2
20
1
2
127
105
29
117
49
1
2
142
1
40
1
2
2
67
1
3
12
2
1
1
2
2
3
2
117
57
17
1
48
64
108
2
107
70
