71125
71255
63663
46648
34882
18805
33112
88695
55415
35308
64261
73035
61343
68152
65006
88207
37391
75503
62069
50783
49519
50200
49372
67890
36280
56489
58502
32708
28312
34878
62395
34182
44834
66348
61049
45545
62870
27844
31174
57960
53708
27955
64809
39797
42992
50037
71558
45056
41561
67177
92616
31239
67356
71660
81803
43347
32763
40213
68919
46343
81150
42411
35976
51986
88154
72424
63491
35345
44295
32965
41870
75691
49204
30365
30643
51538
50235
43236
51496
81418
86418
48140
72754
68445
49467
38636
49589
62995
54808
47232
48685
35605
39976
44259
42602
53334
76561
65645
50057
37592
61555
33504
50206
48857
52470
59855
32906
80960
62703
53977
54867
38647
59736
26728
49935
44811
47720
33421
45951
45447
64492
39169
51001
30426
36182
57539
43233
53426
45789
51508
52939
67122
55843
51910
72116
46843
66723
60846
22112
42792
66518
42453
45879
55509
49861
82652
42278
59184
65888
59679
76602
64435
61211
37687
36138
47280
55757
69799
52137
29426
49359
49394
69484
32855
65718
58533
24724
73987
42379
35168
29198
38095
61046
66026
36537
42187
54126
58293
57138
59636
43223
51918
61153
68562
53761
30515
40898
56723
36911
53347
56585
62200
39204
47160
78794
55552
69289
36489
32334
69757
44534
54951
60994
64731
53573
55697
49322
71675
39636
24396
51525
79118
36184
34418
61308
48935
31298
48461
42862
50962
26989
49225
38792
72906
76278
58822
45899
87559
44505
44424
67997
51078
31041
43439
56397
71201
55732
70836
80612
82527
43427
48591
38350
72426
29148
50198
31211
41275
68145
39929
41377
51742
72140
57677
47414
48764
82401
32301
35593
47364
61840
57766
76845
44390
42957
70768
42049
38729
34412
42157
62123
76458
76798
34745
44881
48325
48819
48642
68395
46649
34134
56378
44308
38890
61568
45352
66199
52999
46224
38157
61963
34081
41637
36765
24982
28337
49858
78429
23612
63501
39032
51166
56626
45545
57265
72169
66437
57247
53464
37896
44414
65589
35274
25250
59351
63787
31915
45366
52119
54441
45318
68398
102279
47734
80587
41623
35603
38534
67130
63956
65898
44455
63251
67957
52404
82816
63192
68503
38467
43029
54223
33250
70296
56837
65984
42412
71325
53597
45004
40560
62240
72249
27583
55106
59673
42340
36915
57762
26084
76581
18320
50020
31644
50293
34610
70522
48514
53959
31150
28736
42274
37518
39943
62278
68786
79387
56991
60033
44336
45594
45967
37525
43842
54905
43556
51991
70361
67682
46875
47958
39525
60695
59005
72298
35823
94518
46552
30108
42800
32515
49884
68297
61745
49425
37524
53821
42789
46067
30508
28381
67956
29483
32458
26394
52662
48714
50915
65884
31589
58491
73548
28359
65703
36425
71104
39430
42704
47880
54522
25423
65136
28289
40154
60649
85871
67535
46999
23511
68951
52949
43247
54485
39737
38279
51281
34220
64342
48079
49472
55511
57401
27403
52553
32372
45240
32195
31319
48966
44403
37393
42180
40141
39454
68411
57087
74857
52376
38476
90552
43428
46411
33789
50219
28539
82154
50815
56256
38446
61345
65334
31987
46719
56800
53184
32451
53162
28497
33210
16934
34724
45648
43359
55616
44360
47318
38150
41564
48328
33994
30226
67179
57309
71411
46478
39808
87341
96844
55800
73142
44467
50580
64676
57132
27136
45542
57793
33487
37147
52672
48773
40237
43265
52359
24853
36524
43608
51711
45189
43220
34764
45185
59025
26294
81893
72801
36175
59419
71921
48424
46734
41824
75706
31840
48725
53860
56771
53921
65787
38658
34417
58442
29840
50744
46257
57585
65874
30761
21310
46090
40870
60025
50314
45491
36435
67914
53159
54491
49818
40897
67273
65121
47968
74349
76261
34783
63848
36188
39598
45819
61489
68610
42811
45752
42321
45797
22854
39708
32552
50652
60160
55276
74535
29038
71181
77309
46856
68325
74354
27948
35385
52771
70497
59897
46004
72821
61713
44356
40124
48357
61156
46819
36620
41794
92109
58185
30952
47270
71294
24923
41667
65905
70920
56129
40224
52427
42888
66791
49792
38770
50363
51324
50841
59246
41390
52426
85396
48075
69117
47295
63443
60622
38498
68946
43783
65208
53148
46206
22041
55761
59390
44608
43550
57880
42465
41699
40313
32399
70372
53951
54168
44651
30433
41126
27805
68204
41293
45256
52795
32307
71844
61191
35187
66074
60162
42103
62321
65334
40180
46499
52093
56154
72475
44064
32726
70625
32442
58310
39012
52938
47537
49725
32337
89661
44381
43187
97505
77956
39416
63753
53574
46272
62084
56903
56446
53530
42190
104696
32524
54938
72639
70996
66499
67150
49062
44376
37468
57792
59498
35010
61768
66485
50850
42111
75971
37688
85989
72013
56405
51870
67385
59543
66259
57327
42949
55722
34927
39821
56957
61845
54591
81166
36551
60080
71305
52937
37213
39578
61454
84819
46084
35649
47129
87882
26538
35116
25723
75369
36417
55833
63936
55582
74804
37786
62615
48158
43951
72203
42900
41517
51467
32602
71389
72864
61523
28486
88165
32466
35387
75064
57339
52326
68214
77094
30160
96043
58933
42789
58604
22527
83214
54145
82493
43379
67852
79907
31779
52358
46396
48773
55970
37185
40162
56006
89006
62858
36561
48635
35110
43630
58227
25047
62604
32536
53023
48251
41555
39684
33696
53088
49478
75221
34824
47322
51555
44962
24307
49603
69554
76913
48331
70369
56438
64326
37913
55460
44569
33163
60106
36823
78858
48161
40078
70397
66408
42536
37422
55602
32941
39865
43022
53504
45031
41505
47284
60706
33131
57566
92033
37248
60469
44066
52464
53387
44087
55362
81729
45510
74622
40234
78949
33991
62581
50473
86467
65241
50840
78912
52033
33529
50160
48312
32234
95983
27740
39808
42450
64302
38355
48708
41161
33901
47171
50665
64701
30741
35909
43049
23428
69411
43378
46284
85735
43453
33015
77513
58206
34326
35708
38010
48112
58672
34558
60608
68868
47487
57208
76955
57937
47455
77610
29856
60505
34289
97028
57860
40519
73079
64278
54350
38718
41922
55515
47119
44789
30727
54746
62353
49642
47680
74688
65853
38471
79037
62271
27277
53362
59891
69883
50360
52321
32683
37603
57102
46754
57491
50671
52583
49634
85719
58820
73107
49898
50919
40310
42316
37540
40728
35208
40519
36407
54481
32960
42876
76856
42962
60442
53859
49700
62786
45953
45351
47575
69090
26357
60084
43743
60397
59555
72091
60727
71250
38522
50826
47317
25183
53229
49172
34386
71527
71015
54364
79869
75785
88842
48827
44269
24621
79251
77072
35745
43657
56985
73630
44518
82348
49450
61591
51180
52101
41754
33883
51033
61163
39909
51213
57191
29314
44548
82787
40971
49003
32427
38028
32100
40801
30714
46271
37495
36548
38054
52981
36944
27517
52858
47066
31670
41395
77378
69021
56713
45256
27937
44509
33428
68306
45060
45889
31207
79884
40589
41420
66663
66262
38148
39721
63299
45751
47831
66752
49645
27773
82095
78930
63419
23661
52647
65314
37808
27702
40411
46487
43512
30630
37624
64066
58637
49685
39415
60819
20226
37053
49609
62003
40735
56516
45843
65825
53214
43654
83400
54116
64633
46341
75197
60039
27553
50007
20959
44375
60064
71230
56276
26706
59808
51235
35901
42519
49217
62490
48139
47093
55692
46404
34880
56238
47602
81584
47816
48334
74778
38924
41254
41474
34640
58987
44919
64034
34421
58770
71628
93407
37488
40522
33659
53559
34008
52228
72384
66852
35324
53934
60225
63248
35399
59618
53582
52133
43597
59692
55032
61383
43702
44974
60656
61691
51313
29559
45796
33313
50137
42883
23761
54123
31878
48482
38716
77232
70236
34051
71553
59499
45021
55127
44732
70271
79453
67554
61428
77562
44710
41521
39520
34582
27519
44749
33409
27111
66862
39437
46363
67526
20829
46949
42732
54672
41655
61196
47413
53317
28188
66620
43526
55201
49424
33877
48003
47564
38866
68154
65886
81324
45716
68107
40790
61035
82861
42330
52285
43721
34245
51720
50948
37607
38843
63661
26884
46649
44895
69562
30976
67346
57486
37571
51135
61106
49184
54593
40378
27811
52396
61644
47139
66835
55484
48291
49186
42470
51703
54000
41067
45066
54806
27535
37128
51147
41405
84658
66662
70081
40232
59352
45108
56816
47647
33081
31709
54359
47488
75786
42381
60390
49830
32719
53999
22134
27979
55905
42353
40500
42675
40022
33575
82127
56452
72952
69105
75932
49772
68241
53326
57735
39527
38310
28292
102376
73598
40522
53637
51761
42190
69894
58974
58777
42055
40161
56595
42931
59495
56885
43011
27832
39869
44273
45995
37413
63413
82212
43032
41221
32529
36667
51116
34258
50517
43628
51125
80944
32914
61904
67828
45619
39301
52361
45808
36143
48042
42010
58623
57783
37976
51696
75742
70726
39177
67373
42250
54137
49181
64639
49434
74253
76269
36510
35980
23620
44395
29318
50478
48113
32627
63270
45707
76245
47679
54483
42626
56661
35930
73043
49586
42440
35725
56097
62635
28789
56585
43368
35750
48287
86090
33852
58583
88171
75138
64162
109362
51821
24362
48549
35981
40630
64621
34886
51455
23882
50798
44547
41210
59041
82430
49591
63658
82579
55204
53136
71681
66179
20314
51503
45884
33412
65446
52367
53176
57602
46386
45695
65304
34821
44079
76803
42924
66455
48583
55476
58195
33257
67178
53320
41007
74409
60901
63666
47874
64791
38150
32523
54392
67138
30126
26589
38775
74370
53784
53248
51227
55180
52165
37683
51431
76084
56054
54998
75921
45365
27704
29792
46323
68619
63682
54994
75666
59799
44543
57236
69864
32220
40012
50180
50587
65310
31895
36794
64244
47459
32037
44967
43611
41943
58012
61782
49642
60776
45089
48469
47260
75969
54662
63093
35919
47259
33952
26227
50210
81857
59272
45876
46765
23107
90133
36411
48680
25872
78538
60529
46570
68717
32833
52751
41023
52511
64260
39185
24667
54122
67449
58244
38621
71318
48549
78964
57418
36113
50445
72247
53611
37870
32365
48773
62600
44768
52887
58571
43533
67698
54522
47686
98244
59361
59522
45914
35125
66375
72615
47983
73729
61318
56573
46341
41508
48080
56392
42422
46421
82857
72811
35692
45539
44931
38515
29390
77225
22506
27068
63874
68673
51508
84844
48781
27961
80038
46912
52665
78013
53942
44547
64492
36501
45543
66357
32886
66197
64442
83140
58393
20158
83591
32193
60748
47403
47843
40181
60026
48936
60624
58482
77149
34045
55738
60692
31608
42566
60330
36420
51655
37123
33817
85449
37735
48035
64741
59148
59437
51275
67913
49360
60109
34564
77623
46876
42146
28650
63098
34704
65562
65440
72205
43474
72345
87094
68152
67710
49717
39023
66695
29320
73464
45208
34684
49289
28855
50296
30049
44512
62696
53157
37526
36152
64669
54309
57286
41463
74487
63300
65536
32017
43133
61907
32165
40212
78856
68412
58107
47332
62716
71400
53477
60693
45335
59029
62021
68890
35287
34453
35352
53296
50568
40354
64763
48102
47096
58503
71947
58678
43220
21249
34186
40946
62312
64987
57689
45806
42114
34975
40733
32147
69070
48378
37718
64180
57111
58462
71363
72580
62929
63799
55760
41077
54568
44250
40564
58634
63947
29737
36725
43800
62089
63667
30797
84020
66771
55916
62441
74261
72593
60643
33610
69810
58002
66698
62591
38816
57535
66737
34244
52483
65625
78876
71191
52828
53272
29272
65464
65612
42529
42924
55698
46785
62000
35425
63373
49829
61114
41346
60297
55716
42482
39902
35818
62629
53890
67196
63229
60110
61777
31911
52228
29889
45526
44479
64012
46947
36930
57840
38685
66382
36559
40925
56250
54043
33150
44317
44620
56933
62597
37120
67080
34505
55892
49107
31640
36817
55539
28592
34849
51645
44896
49239
66566
45732
77507
73307
59427
47825
19286
62177
41246
40334
47253
25900
49309
41101
31861
41038
44976
90338
44714
39438
55260
67972
44147
45451
50909
55755
31396
76055
57359
88184
58989
94128
63834
42932
22566
52550
68626
94543
45604
35202
61957
34481
65031
45160
55111
48124
49364
71906
51652
43945
73196
41787
51867
48369
62437
61208
57801
78054
40616
29554
80273
42539
21212
47089
32868
99387
38349
76127
45402
66153
51187
58168
48846
41643
48478
54511
49309
52602
66579
34780
70131
69964
82150
37984
56364
42835
27697
63079
30967
61801
55728
53499
79965
73004
37699
68091
34223
43252
87632
56325
48309
42690
55178
73944
65492
49765
39779
41348
35849
38243
59272
58122
45147
73973
65537
46588
46094
50989
50561
54547
93698
54677
44550
39393
92378
48634
56819
59551
60915
46852
34183
42532
58637
51041
65167
31202
78165
57158
30298
71807
39492
52970
86111
50268
61669
74857
38908
57925
60835
46126
49789
76418
47488
73586
58433
47998
43895
35179
31567
33260
53521
79477
45774
60698
38025
45529
59143
32085
71168
62934
43538
24195
34595
73757
42284
38739
52337
81274
61380
38830
55349
71116
45100
43720
71475
39901
46495
40261
96185
58771
33762
76848
50584
38753
52295
71222
46502
85234
35443
66685
51366
50959
58880
71774
49084
61578
51690
29824
61497
51626
49217
60935
67193
41197
44450
64919
42081
64874
63618
40904
40677
65835
23390
39911
24643
55266
75512
53790
27699
47743
67762
43724
66261
44864
42865
39813
92645
56123
33800
42366
39849
46125
60505
84994
41730
60091
48156
58062
71258
34519
43528
48631
51155
45945
91286
46128
53713
57001
36338
85177
49224
86775
50990
39026
40023
28678
38845
60792
69110
27803
45821
66135
56477
48039
68991
52619
68287
52476
50657
59784
46722
36308
66208
46602
43404
73850
77537
29544
57163
57911
57684
58223
72831
56147
64356
48293
44884
46038
69870
64186
49459
27999
40037
57170
46028
49579
50127
65479
58087
51381
43583
38611
70906
63660
52839
45471
32129
71836
40784
77693
56934
42932
56214
75469
52510
56938
41464
39372
36790
35683
53929
48253
79286
34649
54582
64949
67923
77494
65008
46980
37304
86388
58881
41403
41152
50458
27928
42444
44618
36001
48701
71643
49831
51044
49830
46872
36677
65316
35617
55234
62055
75240
74635
47554
27199
45491
90713
60998
44852
69784
43793
42835
44568
40606
56993
49027
72909
74302
48612
33483
55498
42774
74874
68407
47269
36631
67264
26888
42969
32060
66710
65388
40621
76545
57032
56958
62013
36469
44990
39598
43739
65049
49422
37732
54691
54345
55966
73583
44951
73098
50919
84610
64090
36161
35940
33618
60156
73970
41658
81152
42854
44820
69251
55578
69528
34619
38600
57816
30619
70431
44204
49876
51321
49926
29676
71144
52641
52630
57767
80647
41524
60141
47261
25538
29746
62729
26001
37584
48148
93792
49617
74457
74111
44690
32645
87439
54245
63111
41391
67287
41751
34534
65381
30343
30221
54543
54289
37979
71807
39571
49363
51660
50798
56864
61983
32311
94051
36125
65949
65903
39533
53224
23317
36085
59232
33932
58805
56573
34753
46077
65301
28144
69096
56557
46653
71566
49349
75531
60167
58886
54473
70476
53800
65217
66786
40286
43382
21439
46776
55196
52424
44802
77143
24957
45430
44222
91242
52861
76635
41331
71605
53903
49221
70592
58053
76480
72242
44687
65180
51538
55696
53906
41037
54543
60030
31607
44055
57506
56728
31676
40644
58314
63237
64990
55343
37155
39656
53913
30066
61043
39954
61470
62831
56468
46099
51997
48544
62006
65437
29949
31182
57138
57974
65464
40692
58560
36685
58066
54965
56274
50308
32333
37439
45519
70117
58252
66588
44134
53895
78617
29750
75719
38281
61180
78837
42558
46458
60551
62436
81658
37303
47413
47682
57116
26725
25901
48153
47092
87781
72482
39803
48889
66619
50774
35367
29726
42757
60347
42609
51828
36662
67151
31743
37494
73675
64889
60064
50186
43451
31390
69551
47712
59552
42113
69796
42916
29263
35621
57474
41835
43846
49626
65430
48694
75457
90073
45940
87538
40154
85558
70091
44284
34311
43994
39123
61487
61503
40020
31662
69271
32520
84157
69657
43310
58026
30266
48637
43780
59426
46938
37863
40599
36998
68785
66709
67744
40528
51978
82346
58597
47379
34875
79413
61399
27418
55533
59318
52183
73184
38929
24837
63859
45472
61138
37462
66561
55666
58317
39758
43113
66215
35570
