540
258
361
-1
942
930
433
930
759
877
312
143
97
185
841
521
60
361
595
595
521
348
948
614
228
855
728
261
595
139
774
831
460
216
482
677
823
42
628
47
68
159
904
728
955
578
161
244
561
281
575
69
302
120
834
244
590
131
548
448
734
139
759
228
641
654
455
912
866
29
68
531
138
912
677
16
948
607
237
38
390
667
448
519
945
669
131
424
759
16
227
969
120
538
981
599
544
355
216
580
197
47
300
233
424
969
942
157
231
233
494
969
-1
699
494
341
912
551
455
221
150
337
738
16
561
412
279
209
216
441
677
912
904
743
143
774
-1
285
641
424
590
759
685
313
216
942
573
987
327
899
1000
468
424
65
405
101
97
581
663
341
595
405
800
390
27
820
119
820
143
433
494
476
723
378
641
800
196
529
432
713
343
384
915
412
267
697
638
955
476
834
195
448
424
681
887
838
178
738
416
160
723
781
114
131
838
812
448
521
114
455
838
424
687
550
42
641
231
820
38
473
93
281
337
68
268
628
595
448
984
1000
921
365
67
302
978
38
948
441
932
405
228
687
469
176
189
476
394
204
866
968
990
844
936
507
322
507
133
741
808
647
641
285
394
473
159
494
54
337
831
979
960
134
455
281
555
663
271
412
431
468
531
538
669
831
424
378
916
159
27
607
468
945
681
715
204
30
42
27
460
677
160
290
620
961
960
800
413
823
51
650
169
111
521
247
256
820
368
912
27
150
916
204
722
235
912
-1
795
88
119
193
696
150
641
285
481
696
176
625
101
880
15
468
825
575
932
38
790
38
743
322
677
820
998
776
607
186
-1
489
723
15
638
290
433
841
227
545
664
69
759
528
460
866
11
647
266
42
704
885
748
461
300
196
43
193
412
960
932
500
987
193
722
438
43
759
677
504
801
494
489
834
209
801
134
614
412
853
328
801
771
978
361
788
412
706
367
267
402
812
624
431
378
54
128
638
885
256
128
60
841
209
801
459
34
462
820
512
823
300
34
235
301
413
44
337
420
759
191
916
353
364
960
857
912
978
748
68
101
564
563
521
178
641
631
880
573
160
555
489
916
-1
945
191
935
285
1000
473
47
132
114
337
142
693
246
267
628
378
44
433
599
693
528
820
267
65
693
795
552
620
877
529
528
693
367
897
93
448
301
69
706
647
807
657
166
915
884
